#
# There is insufficient memory for the Java Runtime Environment to continue.
# Native memory allocation (malloc) failed to allocate 1048576 bytes for AllocateHeap
# Possible reasons:
#   The system is out of physical RAM or swap space
#   The process is running with CompressedOops enabled, and the Java Heap may be blocking the growth of the native heap
# Possible solutions:
#   Reduce memory load on the system
#   Increase physical memory or swap space
#   Check if swap backing store is full
#   Decrease Java heap size (-Xmx/-Xms)
#   Decrease number of Java threads
#   Decrease Java thread stack sizes (-Xss)
#   Set larger code cache with -XX:ReservedCodeCacheSize=
#   JVM is running with Unscaled Compressed Oops mode in which the Java heap is
#     placed in the first 4GB address space. The Java Heap base address is the
#     maximum limit for the native heap growth. Please use -XX:HeapBaseMinAddress
#     to set the Java Heap base and to place the Java Heap above 4GB virtual address.
# This output file may be truncated or incomplete.
#
#  Out of Memory Error (allocation.cpp:44), pid=23544, tid=22836
#
# JRE version:  (21.0.8+12) (build )
# Java VM: Java HotSpot(TM) 64-Bit Server VM (21.0.8+12-LTS-250, mixed mode, sharing, tiered, compressed oops, compressed class ptrs, g1 gc, windows-amd64)
# No core dump will be written. Minidumps are not enabled by default on client versions of Windows
#

---------------  S U M M A R Y ------------

Command Line: 

Host: AMD Ryzen 5 8640HS w/ Radeon 760M Graphics     , 12 cores, 15G,  Windows 11 , 64 bit Build 26100 (10.0.26100.5074)
Time: Mon Sep 22 11:04:11 2025 E. Africa Standard Time elapsed time: 1.059903 seconds (0d 0h 0m 1s)

---------------  T H R E A D  ---------------

Current thread (0x000001c6000b0160):  JavaThread "Unknown thread" [_thread_in_vm, id=22836, stack(0x0000009941b00000,0x0000009941c00000) (1024K)]

Stack: [0x0000009941b00000,0x0000009941c00000]
Native frames: (J=compiled Java code, j=interpreted, Vv=VM code, C=native code)
V  [jvm.dll+0x6cc179]
V  [jvm.dll+0x8584c1]
V  [jvm.dll+0x85a9ee]
V  [jvm.dll+0x85b0c3]
V  [jvm.dll+0x27ebf6]
V  [jvm.dll+0xbfae7]
V  [jvm.dll+0x326c95]
V  [jvm.dll+0x82183d]
V  [jvm.dll+0x3bc541]
V  [jvm.dll+0x80aaf8]
V  [jvm.dll+0x45172e]
V  [jvm.dll+0x453321]
C  [jli.dll+0x52a3]
C  [ucrtbase.dll+0x37b0]
C  [KERNEL32.DLL+0x2e8d7]
C  [ntdll.dll+0x8d9c]


---------------  P R O C E S S  ---------------

Threads class SMR info:
_java_thread_list=0x00007ffc61f0fc48, length=0, elements={
}

Java Threads: ( => current thread )
Total: 0

Other Threads:

=>0x000001c6000b0160 (exited) JavaThread "Unknown thread"    [_thread_in_vm, id=22836, stack(0x0000009941b00000,0x0000009941c00000) (1024K)]
Total: 1

Threads with active compile tasks:
Total: 0

VM state: not at safepoint (not fully initialized)

VM Mutex/Monitor currently owned by a thread: None

Heap address: 0x0000000000000000, size: 0 MB, Compressed Oops mode: 32-bit

CDS archive(s) mapped at: [0x0000000000000000-0x0000000000000000-0x0000000000000000), size 0, SharedBaseAddress: 0x0000000800000000, ArchiveRelocationMode: 1.
Narrow klass base: 0x0000000000000000, Narrow klass shift: 0, Narrow klass range: 0x0

GC Precious Log:
 CardTable entry size: 512
 Card Set container configuration: InlinePtr #cards 4 size 8 Array Of Cards #cards 16 size 48 Howl #buckets 8 coarsen threshold 3686 Howl Bitmap #cards 512 size 80 coarsen threshold 460 Card regions per heap region 1 cards per card region 4096

GC Heap History (0 events):
No events

Dll operation events (1 events):
Event: 0.023 Loaded shared library C:\Program Files\Java\jdk-21\bin\java.dll

Deoptimization events (0 events):
No events

Classes loaded (0 events):
No events

Classes unloaded (0 events):
No events

Classes redefined (0 events):
No events

Internal exceptions (0 events):
No events

ZGC Phase Switch (0 events):
No events

VM Operations (0 events):
No events

Events (0 events):
No events


Dynamic libraries:
0x00007ff6b8480000 - 0x00007ff6b8490000 	C:\Program Files\Java\jdk-21\bin\java.exe
0x00007ffd18040000 - 0x00007ffd182a9000 	C:\WINDOWS\SYSTEM32\ntdll.dll
0x00007ffd17600000 - 0x00007ffd176c9000 	C:\WINDOWS\System32\KERNEL32.DLL
0x00007ffd15a10000 - 0x00007ffd15e03000 	C:\WINDOWS\System32\KERNELBASE.dll
0x00007ffd153f0000 - 0x00007ffd1553b000 	C:\WINDOWS\System32\ucrtbase.dll
0x00007ffcbf1f0000 - 0x00007ffcbf209000 	C:\Program Files\Java\jdk-21\bin\jli.dll
0x00007ffca8380000 - 0x00007ffca839b000 	C:\Program Files\Java\jdk-21\bin\VCRUNTIME140.dll
0x00007ffd17500000 - 0x00007ffd175b4000 	C:\WINDOWS\System32\ADVAPI32.dll
0x00007ffd162d0000 - 0x00007ffd16379000 	C:\WINDOWS\System32\msvcrt.dll
0x00007ffd17d70000 - 0x00007ffd17e16000 	C:\WINDOWS\System32\sechost.dll
0x00007ffd15ee0000 - 0x00007ffd15ff8000 	C:\WINDOWS\System32\RPCRT4.dll
0x00007ffd176d0000 - 0x00007ffd17894000 	C:\WINDOWS\System32\USER32.dll
0x00007ffd15710000 - 0x00007ffd15737000 	C:\WINDOWS\System32\win32u.dll
0x00007ffcf9a60000 - 0x00007ffcf9cf3000 	C:\WINDOWS\WinSxS\amd64_microsoft.windows.common-controls_6595b64144ccf1df_6.0.26100.5074_none_3e0d6f78e32fd63f\COMCTL32.dll
0x00007ffd175c0000 - 0x00007ffd175eb000 	C:\WINDOWS\System32\GDI32.dll
0x00007ffd155e0000 - 0x00007ffd1570d000 	C:\WINDOWS\System32\gdi32full.dll
0x00007ffd15340000 - 0x00007ffd153e3000 	C:\WINDOWS\System32\msvcp_win.dll
0x00007ffd083a0000 - 0x00007ffd083ab000 	C:\WINDOWS\SYSTEM32\VERSION.dll
0x00007ffd17d30000 - 0x00007ffd17d5f000 	C:\WINDOWS\System32\IMM32.DLL
0x00007ffccb150000 - 0x00007ffccb15c000 	C:\Program Files\Java\jdk-21\bin\vcruntime140_1.dll
0x00007ffc96790000 - 0x00007ffc9681e000 	C:\Program Files\Java\jdk-21\bin\msvcp140.dll
0x00007ffc61340000 - 0x00007ffc6205d000 	C:\Program Files\Java\jdk-21\bin\server\jvm.dll
0x00007ffd163e0000 - 0x00007ffd16454000 	C:\WINDOWS\System32\WS2_32.dll
0x00007ffd15030000 - 0x00007ffd1508e000 	C:\WINDOWS\SYSTEM32\POWRPROF.dll
0x00007ffd08cb0000 - 0x00007ffd08ce5000 	C:\WINDOWS\SYSTEM32\WINMM.dll
0x00007ffd15010000 - 0x00007ffd15024000 	C:\WINDOWS\SYSTEM32\UMPDC.dll
0x00007ffd13fb0000 - 0x00007ffd13fcb000 	C:\WINDOWS\SYSTEM32\kernel.appcore.dll
0x00007ffcc5f30000 - 0x00007ffcc5f3a000 	C:\Program Files\Java\jdk-21\bin\jimage.dll
0x00007ffd12870000 - 0x00007ffd12ab2000 	C:\WINDOWS\SYSTEM32\DBGHELP.DLL
0x00007ffd16490000 - 0x00007ffd1680b000 	C:\WINDOWS\System32\combase.dll
0x00007ffd17ea0000 - 0x00007ffd17f77000 	C:\WINDOWS\System32\OLEAUT32.dll
0x00007ffcf61c0000 - 0x00007ffcf61fd000 	C:\WINDOWS\SYSTEM32\dbgcore.DLL
0x00007ffd15540000 - 0x00007ffd155d9000 	C:\WINDOWS\System32\bcryptPrimitives.dll
0x00007ffca53c0000 - 0x00007ffca53df000 	C:\Program Files\Java\jdk-21\bin\java.dll

dbghelp: loaded successfully - version: 4.0.5 - missing functions: none
symbol engine: initialized successfully - sym options: 0x614 - pdb path: .;C:\Program Files\Java\jdk-21\bin;C:\WINDOWS\SYSTEM32;C:\WINDOWS\WinSxS\amd64_microsoft.windows.common-controls_6595b64144ccf1df_6.0.26100.5074_none_3e0d6f78e32fd63f;C:\Program Files\Java\jdk-21\bin\server

VM Arguments:
java_command: <unknown>
java_class_path (initial): <not set>
Launcher Type: SUN_STANDARD

[Global flags]
     intx CICompilerCount                          = 4                                         {product} {ergonomic}
     uint ConcGCThreads                            = 3                                         {product} {ergonomic}
     uint G1ConcRefinementThreads                  = 10                                        {product} {ergonomic}
   size_t G1HeapRegionSize                         = 2097152                                   {product} {ergonomic}
    uintx GCDrainStackTargetSize                   = 64                                        {product} {ergonomic}
   size_t InitialHeapSize                          = 257949696                                 {product} {ergonomic}
   size_t MarkStackSize                            = 4194304                                   {product} {ergonomic}
   size_t MaxHeapSize                              = 4106223616                                {product} {ergonomic}
   size_t MinHeapDeltaBytes                        = 2097152                                   {product} {ergonomic}
   size_t MinHeapSize                              = 8388608                                   {product} {ergonomic}
    uintx NonNMethodCodeHeapSize                   = 5839372                                {pd product} {ergonomic}
    uintx NonProfiledCodeHeapSize                  = 122909434                              {pd product} {ergonomic}
    uintx ProfiledCodeHeapSize                     = 122909434                              {pd product} {ergonomic}
    uintx ReservedCodeCacheSize                    = 251658240                              {pd product} {ergonomic}
     bool SegmentedCodeCache                       = true                                      {product} {ergonomic}
   size_t SoftMaxHeapSize                          = 4106223616                             {manageable} {ergonomic}
     bool UseCompressedOops                        = true                           {product lp64_product} {ergonomic}
     bool UseG1GC                                  = true                                      {product} {ergonomic}
     bool UseLargePagesIndividualAllocation        = false                                  {pd product} {ergonomic}

Logging:
Log output configuration:
 #0: stdout all=warning uptime,level,tags foldmultilines=false
 #1: stderr all=off uptime,level,tags foldmultilines=false

Environment Variables:
PATH=C:\DevSuiteHome_2\jdk\jre\bin\classic;C:\DevSuiteHome_2\jdk\jre\bin;C:\DevSuiteHome_2\jdk\jre\bin\client;C:\DevSuiteHome_2\jlib;C:\DevSuiteHome_2\bin;C:\DevSuiteHome_2\jre\1.4.2\bin\client;C:\DevSuiteHome_2\jre\1.4.2\bin;C:\Program Files\Common Files\Oracle\Java\javapath;C:\app\Reagan\product\21c\dbhomeXE\bin;C:\WINDOWS\system32;C:\WINDOWS;C:\WINDOWS\System32\Wbem;C:\WINDOWS\System32\WindowsPowerShell\v1.0\;C:\WINDOWS\System32\OpenSSH\;C:\Program Files\dotnet\;C:\Program Files\Git\cmd;C:\ProgramData\ComposerSetup\bin;C:\xampp\php;C:\Users\Reagan\.config\herd\bin\nvm;C:\Program Files\nodejs;C:\Program Files\MySQL\MySQL Server 8.0\bin;C:\Program Files\MySQL\MySQL Shell 8.0\bin\;C:\Users\Reagan\.config\herd\bin;C:\Users\Reagan\AppData\Local\Programs\Python\Python313\Scripts\;C:\Users\Reagan\AppData\Local\Programs\Python\Python313\;C:\Users\Reagan\AppData\Local\Microsoft\WindowsApps;C:\Users\Reagan\AppData\Local\Programs\Microsoft VS Code\bin;C:\Program Files (x86)\MongoDB Atlas CLI\;C:\Users\Reagan\AppData\Local\Programs\mongosh\;C:\Users\Reagan\AppData\Local\GitHubDesktop\bin;C:\Users\Reagan\AppData\Roaming\Composer\vendor\bin
USERNAME=Reagan
OS=Windows_NT
PROCESSOR_IDENTIFIER=AMD64 Family 25 Model 117 Stepping 2, AuthenticAMD
TMP=C:\Users\Reagan\AppData\Local\Temp
TEMP=C:\Users\Reagan\AppData\Local\Temp




Periodic native trim disabled

---------------  S Y S T E M  ---------------

OS:
 Windows 11 , 64 bit Build 26100 (10.0.26100.5074)
OS uptime: 0 days 18:29 hours
Hyper-V role detected

CPU: total 12 (initial active 12) (12 cores per cpu, 2 threads per core) family 25 model 117 stepping 2 microcode 0xa70520a, cx8, cmov, fxsr, ht, mmx, 3dnowpref, sse, sse2, sse3, ssse3, sse4a, sse4.1, sse4.2, popcnt, lzcnt, tsc, tscinvbit, avx, avx2, aes, erms, clmul, bmi1, bmi2, adx, avx512f, avx512dq, avx512cd, avx512bw, avx512vl, sha, fma, vzeroupper, avx512_vpopcntdq, avx512_vpclmulqdq, avx512_vaes, avx512_vnni, clflush, clflushopt, avx512_vbmi2, avx512_vbmi, hv, rdtscp, rdpid, fsrm, gfni, avx512_bitalg, f16c, cet_ss, avx512_ifma
Processor Information for processor 0
  Max Mhz: 3501, Current Mhz: 2486, Mhz Limit: 3501
Processor Information for processor 1
  Max Mhz: 3501, Current Mhz: 2486, Mhz Limit: 3501
Processor Information for processor 2
  Max Mhz: 3501, Current Mhz: 2486, Mhz Limit: 3501
Processor Information for processor 3
  Max Mhz: 3501, Current Mhz: 2486, Mhz Limit: 3501
Processor Information for processor 4
  Max Mhz: 3501, Current Mhz: 2486, Mhz Limit: 3501
Processor Information for processor 5
  Max Mhz: 3501, Current Mhz: 2486, Mhz Limit: 3501
Processor Information for processor 6
  Max Mhz: 3501, Current Mhz: 3501, Mhz Limit: 3501
Processor Information for processor 7
  Max Mhz: 3501, Current Mhz: 2486, Mhz Limit: 3501
Processor Information for processor 8
  Max Mhz: 3501, Current Mhz: 3501, Mhz Limit: 3501
Processor Information for processor 9
  Max Mhz: 3501, Current Mhz: 3501, Mhz Limit: 3501
Processor Information for processor 10
  Max Mhz: 3501, Current Mhz: 2486, Mhz Limit: 3501
Processor Information for processor 11
  Max Mhz: 3501, Current Mhz: 3501, Mhz Limit: 3501

Memory: 4k page, system-wide physical 15662M (5523M free)
TotalPageFile size 17227M (AvailPageFile size 15M)
current process WorkingSet (physical memory assigned to process): 11M, peak: 11M
current process commit charge ("private bytes"): 16M, peak: 17M

vm_info: Java HotSpot(TM) 64-Bit Server VM (21.0.8+12-LTS-250) for windows-amd64 JRE (21.0.8+12-LTS-250), built on 2025-06-27T08:11:22Z by "mach5one" with MS VC++ 17.6 (VS2022)

END.
